2021-12-13 19:06:31,592 - __main__ - INFO - Started

2021-12-13 19:06:31,593 - __main__ - INFO - outvector1 = [ 0.0000  0.0000  2.7183  0.0000]
2021-12-13 19:06:31,594 - __main__ - INFO - outvector2 = [ 1.0000]

2021-12-13 19:06:31,618 - __main__ - INFO - outvector1 = [ 1.0000  0.0000  2.7183  0.0000]
2021-12-13 19:06:31,619 - __main__ - INFO - outvector2 = [ 1.0000]
2021-12-13 19:06:31,620 - __main__ - INFO - kktnorm    = 3.0406781272346683e-07

2021-12-13 19:06:31,643 - __main__ - INFO - outvector1 = [ 2.0000  0.0000  2.7183  0.0000]
2021-12-13 19:06:31,643 - __main__ - INFO - outvector2 = [ 1.0000]
2021-12-13 19:06:31,643 - __main__ - INFO - kktnorm    = 2.9896937014483027e-07

2021-12-13 19:06:31,669 - __main__ - INFO - outvector1 = [ 3.0000  0.0000  2.7183  0.0000]
2021-12-13 19:06:31,669 - __main__ - INFO - outvector2 = [ 1.0000]
2021-12-13 19:06:31,670 - __main__ - INFO - kktnorm    = 3.752078084014622e-07

2021-12-13 19:06:31,691 - __main__ - INFO - outvector1 = [ 4.0000  0.0000  2.7183  0.0000]
2021-12-13 19:06:31,691 - __main__ - INFO - outvector2 = [ 1.0000]
2021-12-13 19:06:31,691 - __main__ - INFO - kktnorm    = 4.956562150985662e-07

2021-12-13 19:06:31,700 - __main__ - INFO - outvector1 = [ 5.0000  0.0000  2.7183  0.0000]
2021-12-13 19:06:31,701 - __main__ - INFO - outvector2 = [ 1.0000]
2021-12-13 19:06:31,701 - __main__ - INFO - kktnorm    = 4.275862513080318e-07

2021-12-13 19:06:31,710 - __main__ - INFO - outvector1 = [ 6.0000  0.0000  2.7183  0.0000]
2021-12-13 19:06:31,710 - __main__ - INFO - outvector2 = [ 1.0000]
2021-12-13 19:06:31,710 - __main__ - INFO - kktnorm    = 5.757513581897205e-07

2021-12-13 19:06:31,719 - __main__ - INFO - outvector1 = [ 7.0000  0.0000  2.7183  0.0000]
2021-12-13 19:06:31,720 - __main__ - INFO - outvector2 = [ 1.0000]
2021-12-13 19:06:31,720 - __main__ - INFO - kktnorm    = 7.967916230636645e-07

2021-12-13 19:06:31,729 - __main__ - INFO - outvector1 = [ 8.0000  0.0000  2.7183  0.0000]
2021-12-13 19:06:31,729 - __main__ - INFO - outvector2 = [ 1.0000]
2021-12-13 19:06:31,730 - __main__ - INFO - kktnorm    = 6.73133737571238e-07

2021-12-13 19:06:31,738 - __main__ - INFO - outvector1 = [ 9.0000  0.0000  2.7183  0.0000]
2021-12-13 19:06:31,738 - __main__ - INFO - outvector2 = [ 1.0000]
2021-12-13 19:06:31,739 - __main__ - INFO - kktnorm    = 9.397227197835974e-07

2021-12-13 19:06:31,749 - __main__ - INFO - outvector1 = [ 10.0000  0.0000  2.7183  0.0000]
2021-12-13 19:06:31,749 - __main__ - INFO - outvector2 = [ 1.0000]
2021-12-13 19:06:31,749 - __main__ - INFO - kktnorm    = 1.326860914569186e-06

2021-12-13 19:06:31,759 - __main__ - INFO - outvector1 = [ 11.0000  0.0000  2.7183  0.0000]
2021-12-13 19:06:31,759 - __main__ - INFO - outvector2 = [ 1.0000]
2021-12-13 19:06:31,759 - __main__ - INFO - kktnorm    = 1.1112313073377764e-06

2021-12-13 19:06:31,768 - __main__ - INFO - outvector1 = [ 12.0000  0.0000  2.7183  0.0000]
2021-12-13 19:06:31,768 - __main__ - INFO - outvector2 = [ 1.0000]
2021-12-13 19:06:31,768 - __main__ - INFO - kktnorm    = 1.5743033770670943e-06

2021-12-13 19:06:31,779 - __main__ - INFO - outvector1 = [ 13.0000  0.0000  2.7183  0.0000]
2021-12-13 19:06:31,779 - __main__ - INFO - outvector2 = [ 1.0000]
2021-12-13 19:06:31,779 - __main__ - INFO - kktnorm    = 2.2397249408782014e-06

2021-12-13 19:06:31,790 - __main__ - INFO - outvector1 = [ 14.0000  0.0000  2.7183  0.0000]
2021-12-13 19:06:31,790 - __main__ - INFO - outvector2 = [ 1.0000]
2021-12-13 19:06:31,790 - __main__ - INFO - kktnorm    = 1.86971108670278e-06

2021-12-13 19:06:31,801 - __main__ - INFO - outvector1 = [ 15.0000  0.0000  2.7183  0.0000]
2021-12-13 19:06:31,801 - __main__ - INFO - outvector2 = [ 1.0000]
2021-12-13 19:06:31,801 - __main__ - INFO - kktnorm    = 2.6632039959899697e-06

2021-12-13 19:06:31,812 - __main__ - INFO - outvector1 = [ 16.0000  0.0000  2.7183  0.0000]
2021-12-13 19:06:31,812 - __main__ - INFO - outvector2 = [ 1.0000]
2021-12-13 19:06:31,812 - __main__ - INFO - kktnorm    = 3.799087484349433e-06

2021-12-13 19:06:31,823 - __main__ - INFO - outvector1 = [ 17.0000  0.0000  2.7183  0.0000]
2021-12-13 19:06:31,823 - __main__ - INFO - outvector2 = [ 1.0000]
2021-12-13 19:06:31,823 - __main__ - INFO - kktnorm    = 3.16784256101772e-06

2021-12-13 19:06:31,834 - __main__ - INFO - outvector1 = [ 18.0000  0.0000  2.7183  0.0000]
2021-12-13 19:06:31,834 - __main__ - INFO - outvector2 = [ 1.0000]
2021-12-13 19:06:31,834 - __main__ - INFO - kktnorm    = 4.520866945382342e-06

2021-12-13 19:06:31,847 - __main__ - INFO - outvector1 = [ 19.0000  0.0000  2.7183  0.0000]
2021-12-13 19:06:31,847 - __main__ - INFO - outvector2 = [ 1.0000]
2021-12-13 19:06:31,847 - __main__ - INFO - kktnorm    = 6.45511599664949e-06

2021-12-13 19:06:31,859 - __main__ - INFO - outvector1 = [ 20.0000  0.0000  2.7183  0.0000]
2021-12-13 19:06:31,859 - __main__ - INFO - outvector2 = [ 1.0000]
2021-12-13 19:06:31,859 - __main__ - INFO - kktnorm    = 5.380418421294379e-06

2021-12-13 19:06:31,859 - __main__ - INFO -  Finished
